TN:
SF:fizzbuzz.js
FN:1,fizzbuzz
FN:7,divisible
FN:25,print
FNF:3
FNH:3
FNDA:23,fizzbuzz
FNDA:61,divisible
FNDA:1,print
DA:1,23
DA:2,23
DA:3,23
DA:4,1
DA:5,1
DA:6,22
DA:7,22
DA:8,22
DA:9,23
DA:10,1
DA:11,1
DA:12,23
DA:13,2
DA:14,2
DA:15,23
DA:16,6
DA:17,6
DA:18,23
DA:19,3
DA:20,3
DA:21,10
DA:22,10
DA:23,10
DA:24,1
DA:25,1
DA:26,1
DA:27,1
DA:28,17
DA:29,17
DA:30,17
DA:31,1
DA:32,1
DA:33,1
DA:34,1
DA:35,1
DA:36,1
LF:36
LH:36
BRDA:1,0,0,23
BRDA:3,1,0,1
BRDA:6,2,0,22
BRDA:9,3,0,1
BRDA:12,4,0,21
BRDA:12,5,0,8
BRDA:12,6,0,2
BRDA:15,7,0,19
BRDA:15,8,0,6
BRDA:18,9,0,13
BRDA:18,10,0,3
BRDA:21,11,0,10
BRDA:7,12,0,61
BRDA:25,13,0,1
BRDA:27,14,0,17
BRF:15
BRH:15
end_of_record
